03:36:35 | SYSTEM           | Eksekusi Robot: robot_pmdt.py
03:36:36 | SYSTEM          | Starting PMDT...                         | INIT
03:36:36 | SYSTEM          | Already Logged In                        | OK
03:36:37 | MIDDLE MARKER   | Scanning target...                       | SEARCH
03:36:43 | MIDDLE MARKER   | Connected: MIDDLE MARKER                 | SUCCESS
03:36:43 | MIDDLE MARKER   | Stabilizing UI (3s)...                   | WAIT
03:36:46 | RMS             | Fetching Status (Robust Mode)...         | CMD
03:36:54 | MIDDLE MARKER   | Getting Monitor Data...                  | CMD
03:36:56 | MIDDLE MARKER   | Stabilizing (10s)                        | WAIT
03:37:07 | MIDDLE MARKER   | Getting Transmitter Data...              | CMD
03:37:09 | MIDDLE MARKER   | Stabilizing (5s)                         | WAIT
03:37:15 | MIDDLE MARKER   | Database Saved (WAL)                     | DONE
03:37:15 | MIDDLE MARKER   | TX Status: OFF / DUMMY (0.67 W)          | INFO
03:37:15 | MIDDLE MARKER   | Database Saved (WAL)                     | DONE
03:37:15 | MIDDLE MARKER   | Uploading to Google Sheet...             | UPLOAD
03:37:19 | MIDDLE MARKER   | Uploaded (Tx: 2)                         | SUCCESS
03:37:19 | SYSTEM          | Disconnecting...                         | CMD
03:37:21 | SYSTEM          | Waiting for PC REMOTE...                 | WAIT
03:37:22 | SYSTEM          | State Confirmed: PC REMOTE               | OK
03:37:22 | SYSTEM          | Safety Delay (3s)...                     | WAIT
03:37:25 | MIDDLE MARKER   | CYCLE COMPLETED                          | FINISH
03:37:25 | SYSTEM           | Tugas Robot Selesai.
03:37:25 | SYSTEM           | Menutup Curtain...
